<?xml version="1.0" encoding="UTF-8"?>
<testsuite name="com.bridgelabz.UserRegistrationMainTest" tests="4" skipped="0" failures="0" errors="0" timestamp="2022-09-11T08:19:23" hostname="DESKTOP-EBGTH1I" time="0.238">
  <properties/>
  <testcase name="testValidPassword()" classname="com.bridgelabz.UserRegistrationMainTest" time="0.122"/>
  <testcase name="testValidEmailId()" classname="com.bridgelabz.UserRegistrationMainTest" time="0.034"/>
  <testcase name="testValidLastName()" classname="com.bridgelabz.UserRegistrationMainTest" time="0.038"/>
  <testcase name="testValidFirstName()" classname="com.bridgelabz.UserRegistrationMainTest" time="0.017"/>
  <system-out><![CDATA[Please enter password :
Valid password
Valid email id
Valid last name
Valid first name
]]></system-out>
  <system-err><![CDATA[]]></system-err>
</testsuite>
